2018-11-12T00:03:04.085Z [31merror[39m: uncaughtException: Fatal Error: jwtPrivateKey is not defined
Error: Fatal Error: jwtPrivateKey is not defined
    at module.exports (C:\Users\lwang\test\project1\back\startup\config.js:4:15)
    at Object.<anonymous> (C:\Users\lwang\test\project1\back\index.js:5:28)
    at Module._compile (module.js:652:30)
    at Object.Module._extensions..js (module.js:663:10)
    at Module.load (module.js:565:32)
    at tryModuleLoad (module.js:505:12)
    at Function.Module._load (module.js:497:3)
    at Function.Module.runMain (module.js:693:10)
    at startup (bootstrap_node.js:188:16)
    at bootstrap_node.js:609:3
2018-11-12T00:03:31.086Z [32minfo[39m: simulated First Sensor started!
2018-11-12T00:03:31.094Z [32minfo[39m: HTTP server started on port 3002...
2018-11-12T00:03:32.133Z [32minfo[39m: connected to mongodb://localhost/project1
2018-11-12T00:03:37.408Z [32minfo[39m: ::1 - - [12/Nov/2018:00:03:37 +0000] "GET /api/sensors HTTP/1.1" 200 96 "http://localhost:8080/webpages/detailProject.html" "Mozilla/5.0 (Windows NT 6.1; Win64; x64) AppleWebKit/537.36 (KHTML, like Gecko) Chrome/70.0.3538.77 Safari/537.36"

2018-11-12T00:03:37.412Z [32minfo[39m: ::1 - - [12/Nov/2018:00:03:37 +0000] "GET /api/sensors HTTP/1.1" 304 - "http://localhost:8080/webpages/detailProject.html" "Mozilla/5.0 (Windows NT 6.1; Win64; x64) AppleWebKit/537.36 (KHTML, like Gecko) Chrome/70.0.3538.77 Safari/537.36"

2018-11-12T00:03:39.183Z [32minfo[39m: ::1 - - [12/Nov/2018:00:03:39 +0000] "GET /api/sensors HTTP/1.1" 200 96 "http://localhost:8080/webpages/detailProject.html" "Mozilla/5.0 (Windows NT 6.1; Win64; x64) AppleWebKit/537.36 (KHTML, like Gecko) Chrome/70.0.3538.77 Safari/537.36"

2018-11-12T00:03:40.228Z [32minfo[39m: ::1 - - [12/Nov/2018:00:03:40 +0000] "GET /api/sensors HTTP/1.1" 200 96 "http://localhost:8080/webpages/detailProject.html" "Mozilla/5.0 (Windows NT 6.1; Win64; x64) AppleWebKit/537.36 (KHTML, like Gecko) Chrome/70.0.3538.77 Safari/537.36"

2018-11-12T00:03:41.250Z [32minfo[39m: ::1 - - [12/Nov/2018:00:03:41 +0000] "GET /api/sensors HTTP/1.1" 200 96 "http://localhost:8080/webpages/detailProject.html" "Mozilla/5.0 (Windows NT 6.1; Win64; x64) AppleWebKit/537.36 (KHTML, like Gecko) Chrome/70.0.3538.77 Safari/537.36"

2018-11-12T00:03:42.280Z [32minfo[39m: ::1 - - [12/Nov/2018:00:03:42 +0000] "GET /api/sensors HTTP/1.1" 200 96 "http://localhost:8080/webpages/detailProject.html" "Mozilla/5.0 (Windows NT 6.1; Win64; x64) AppleWebKit/537.36 (KHTML, like Gecko) Chrome/70.0.3538.77 Safari/537.36"

2018-11-12T00:03:43.322Z [32minfo[39m: ::1 - - [12/Nov/2018:00:03:43 +0000] "GET /api/sensors HTTP/1.1" 200 96 "http://localhost:8080/webpages/detailProject.html" "Mozilla/5.0 (Windows NT 6.1; Win64; x64) AppleWebKit/537.36 (KHTML, like Gecko) Chrome/70.0.3538.77 Safari/537.36"

2018-11-12T00:03:44.347Z [32minfo[39m: ::1 - - [12/Nov/2018:00:03:44 +0000] "GET /api/sensors HTTP/1.1" 200 97 "http://localhost:8080/webpages/detailProject.html" "Mozilla/5.0 (Windows NT 6.1; Win64; x64) AppleWebKit/537.36 (KHTML, like Gecko) Chrome/70.0.3538.77 Safari/537.36"

2018-11-12T00:03:45.370Z [32minfo[39m: ::1 - - [12/Nov/2018:00:03:45 +0000] "GET /api/sensors HTTP/1.1" 200 97 "http://localhost:8080/webpages/detailProject.html" "Mozilla/5.0 (Windows NT 6.1; Win64; x64) AppleWebKit/537.36 (KHTML, like Gecko) Chrome/70.0.3538.77 Safari/537.36"

2018-11-12T00:03:46.398Z [32minfo[39m: ::1 - - [12/Nov/2018:00:03:46 +0000] "GET /api/sensors HTTP/1.1" 200 97 "http://localhost:8080/webpages/detailProject.html" "Mozilla/5.0 (Windows NT 6.1; Win64; x64) AppleWebKit/537.36 (KHTML, like Gecko) Chrome/70.0.3538.77 Safari/537.36"

2018-11-12T00:03:47.434Z [32minfo[39m: ::1 - - [12/Nov/2018:00:03:47 +0000] "GET /api/sensors HTTP/1.1" 200 97 "http://localhost:8080/webpages/detailProject.html" "Mozilla/5.0 (Windows NT 6.1; Win64; x64) AppleWebKit/537.36 (KHTML, like Gecko) Chrome/70.0.3538.77 Safari/537.36"

2018-11-12T00:03:48.467Z [32minfo[39m: ::1 - - [12/Nov/2018:00:03:48 +0000] "GET /api/sensors HTTP/1.1" 200 96 "http://localhost:8080/webpages/detailProject.html" "Mozilla/5.0 (Windows NT 6.1; Win64; x64) AppleWebKit/537.36 (KHTML, like Gecko) Chrome/70.0.3538.77 Safari/537.36"

2018-11-12T00:03:49.529Z [32minfo[39m: ::1 - - [12/Nov/2018:00:03:49 +0000] "GET /api/sensors HTTP/1.1" 200 97 "http://localhost:8080/webpages/detailProject.html" "Mozilla/5.0 (Windows NT 6.1; Win64; x64) AppleWebKit/537.36 (KHTML, like Gecko) Chrome/70.0.3538.77 Safari/537.36"

2018-11-12T00:03:50.584Z [32minfo[39m: ::1 - - [12/Nov/2018:00:03:50 +0000] "GET /api/sensors HTTP/1.1" 200 96 "http://localhost:8080/webpages/detailProject.html" "Mozilla/5.0 (Windows NT 6.1; Win64; x64) AppleWebKit/537.36 (KHTML, like Gecko) Chrome/70.0.3538.77 Safari/537.36"

2018-11-12T00:03:51.633Z [32minfo[39m: ::1 - - [12/Nov/2018:00:03:51 +0000] "GET /api/sensors HTTP/1.1" 200 95 "http://localhost:8080/webpages/detailProject.html" "Mozilla/5.0 (Windows NT 6.1; Win64; x64) AppleWebKit/537.36 (KHTML, like Gecko) Chrome/70.0.3538.77 Safari/537.36"

2018-11-14T04:51:53.204Z [31merror[39m: uncaughtException: Fatal Error: jwtPrivateKey is not defined
Error: Fatal Error: jwtPrivateKey is not defined
    at module.exports (C:\Users\lwang\test\project1\back\startup\config.js:4:15)
    at Object.<anonymous> (C:\Users\lwang\test\project1\back\index.js:5:28)
    at Module._compile (module.js:652:30)
    at Object.Module._extensions..js (module.js:663:10)
    at Module.load (module.js:565:32)
    at tryModuleLoad (module.js:505:12)
    at Function.Module._load (module.js:497:3)
    at Function.Module.runMain (module.js:693:10)
    at startup (bootstrap_node.js:188:16)
    at bootstrap_node.js:609:3
2018-11-14T04:52:43.569Z [31merror[39m: uncaughtException: Fatal Error: jwtPrivateKey is not defined
Error: Fatal Error: jwtPrivateKey is not defined
    at module.exports (C:\Users\lwang\test\project1\back\startup\config.js:4:15)
    at Object.<anonymous> (C:\Users\lwang\test\project1\back\index.js:5:28)
    at Module._compile (module.js:652:30)
    at Object.Module._extensions..js (module.js:663:10)
    at Module.load (module.js:565:32)
    at tryModuleLoad (module.js:505:12)
    at Function.Module._load (module.js:497:3)
    at Function.Module.runMain (module.js:693:10)
    at startup (bootstrap_node.js:188:16)
    at bootstrap_node.js:609:3
